<?xml version="1.0" encoding="UTF-8"?>
<!-- Generated by org.testng.reporters.JUnitReportReporter -->
<testsuite hostname="VikramJain-PC" failures="0" tests="2" name="multipletests.dataprovider" time="10.126" errors="0" timestamp="2020-06-12T00:36:25 IST" skipped="0">
  <testcase classname="multipletests.dataprovider" name="browserstart" time="9.910"/>
  <system-out/>
  <testcase classname="multipletests.dataprovider" name="initiallogin" time="0.216"/>
  <system-out/>
</testsuite> <!-- multipletests.dataprovider -->
