<?xml version="1.0" encoding="UTF-8"?>
<!-- Generated by org.testng.reporters.JUnitReportReporter -->
<testsuite hostname="VikramJain-PC" failures="0" tests="2" name="multipletests.dataprovider" time="10.298" errors="0" timestamp="2020-06-09T20:34:07 IST" skipped="0">
  <testcase classname="multipletests.dataprovider" name="browserstart" time="10.078"/>
  <system-out/>
  <testcase classname="multipletests.dataprovider" name="initiallogin" time="0.220"/>
  <system-out/>
</testsuite> <!-- multipletests.dataprovider -->
